\BOOKMARK [0][]{section*.3}{\376\377\000I\000n\000t\000r\000o\000d\000u\000\347\000\343\000o}{}% 1
\BOOKMARK [0][]{chapter.1}{\376\377\000P\000r\000e\000l\000i\000m\000i\000n\000a\000r\000e\000s}{}% 2
\BOOKMARK [0][]{chapter.2}{\376\377\000R\000e\000s\000u\000l\000t\000a\000d\000o\000s\000\040\000c\000l\000\341\000s\000s\000i\000c\000o\000s}{}% 3
\BOOKMARK [1][]{section.2.1}{\376\377\000E\000s\000t\000a\000b\000i\000l\000i\000d\000a\000d\000e\000\040\000e\000m\000\040\000g\000r\000a\000f\000o\000s\000\040\000l\000i\000v\000r\000e\000s\000\040\000d\000e\000\040\000t\000r\000i\000\342\000n\000g\000u\000l\000o\000s}{chapter.2}% 4
\BOOKMARK [1][]{section.2.2}{\376\377\000A\000v\000a\000n\000\347\000o\000s\000\040\000p\000a\000r\000c\000i\000a\000i\000s\000\040\000n\000a\000\040\000C\000o\000n\000j\000e\000c\000t\000u\000r\000a\000\040\0001}{chapter.2}% 5
\BOOKMARK [0][]{chapter.3}{\376\377\000\301\000l\000g\000e\000b\000r\000a\000s\000\040\000d\000e\000\040\000f\000l\000a\000g}{}% 6
\BOOKMARK [1][]{section.3.1}{\376\377\000C\000o\000n\000c\000e\000i\000t\000o\000s\000\040\000i\000n\000i\000c\000i\000a\000i\000s}{chapter.3}% 7
\BOOKMARK [2][]{subsection.3.1.1}{\376\377\000D\000e\000n\000s\000i\000d\000a\000d\000e\000s}{section.3.1}% 8
\BOOKMARK [2][]{subsection.3.1.2}{\376\377\000O\000\040\000T\000e\000o\000r\000e\000m\000a\000\040\000d\000e\000\040\000M\000a\000n\000t\000e\000l}{section.3.1}% 9
\BOOKMARK [2][]{subsection.3.1.3}{\376\377\000A\000\040\000\341\000l\000g\000e\000b\000r\000a}{section.3.1}% 10
\BOOKMARK [1][]{section.3.2}{\376\377\000A\000p\000l\000i\000c\000a\000\347\000\365\000e\000s}{chapter.3}% 11
\BOOKMARK [2][]{subsection.3.2.1}{\376\377\000C\000o\000r\000t\000e\000s\000\040\000l\000o\000c\000a\000i\000s}{section.3.2}% 12
\BOOKMARK [2][]{subsection.3.2.2}{\376\377\000C\000o\000n\000s\000t\000r\000u\000i\000n\000d\000o\000\040\000o\000\040\000p\000r\000o\000g\000r\000a\000m\000a}{section.3.2}% 13
\BOOKMARK [1][]{section.3.3}{\376\377\000C\000o\000n\000s\000i\000d\000e\000r\000a\000\347\000\365\000e\000s\000\040\000s\000o\000b\000r\000e\000\040\000s\000o\000f\000t\000w\000a\000r\000e\000\040\000e\000\040\000q\000u\000e\000s\000t\000\365\000e\000s\000\040\000n\000u\000m\000\351\000r\000i\000c\000a\000s}{chapter.3}% 14
\BOOKMARK [0][]{chapter.4}{\376\377\000R\000e\000s\000t\000r\000i\000\347\000\365\000e\000s\000\040\000d\000e\000\040\000g\000r\000a\000u\000\040\000m\000\355\000n\000i\000m\000o}{}% 15
\BOOKMARK [1][]{section.4.1}{\376\377\000G\000r\000a\000f\000o\000s\000\040\000l\000i\000v\000r\000e\000s\000\040\000d\000e\000\040\000t\000r\000i\000\342\000n\000g\000u\000l\000o\000s\000\040\000c\000o\000m\000\040\000g\000r\000a\000u\000\040\000m\000\355\000n\000i\000m\000o\000\040\000a\000l\000t\000o}{chapter.4}% 16
\BOOKMARK [2][]{subsection.4.1.1}{\376\377\000G\000r\000a\000f\000o\000s\000\040\000d\000e\000\040\000A\000n\000d\000r\000\341\000s\000f\000a\000i}{section.4.1}% 17
\BOOKMARK [1][]{section.4.2}{\376\377\000A\000\040\000C\000o\000n\000j\000e\000c\000t\000u\000r\000a\000\040\0001\000\040\000p\000a\000r\000a\000\040\000g\000r\000a\000f\000o\000s\000\040\000d\000e\000\040\000A\000n\000d\000r\000\341\000s\000f\000a\000i}{chapter.4}% 18
\BOOKMARK [2][]{subsection.4.2.1}{\376\377\000C\000o\000n\000d\000i\000\347\000\343\000o\000\040\0001}{section.4.2}% 19
\BOOKMARK [2][]{subsection.4.2.2}{\376\377\000C\000o\000n\000d\000i\000\347\000\343\000o\000\040\0002}{section.4.2}% 20
\BOOKMARK [0][]{chapter.5}{\376\377\000C\000o\000n\000c\000l\000u\000s\000\343\000o}{}% 21
\BOOKMARK [0][]{annex*.8}{\376\377\000R\000e\000f\000e\000r\000\352\000n\000c\000i\000a\000s}{}% 22
